=============================
 =======Inicia Servidor=======
=============================
2023-09-30_22:56: Socket creado. Puerto de escucha: 5000
=============================
 =======Inicia Servidor=======
=============================
2023-09-30_22:57: Socket creado. Puerto de escucha: 5005
2023-09-30_22:57: Cierre de sesion - usuario: admin
2023-09-30_22:57: Inicio de sesion - usuario: admin
2023-09-30_22:59: Cierre de sesion - usuario: admin
2023-09-30_22:59: Inicio de sesion - usuario: carlos
2023-09-30_22:59: Cierre de sesion - usuario: carlos
2023-09-30_23:00: Cierre de sesion - usuario: carlos
2023-09-30_23:00: Cierre de sesion - usuario: carlos
2023-09-30_23:00: Cierre de sesion - usuario: carlos
2023-09-30_23:01: Inicio de sesion - usuario: admin
2023-09-30_23:02: Cierre de sesion - usuario: admin
2023-09-30_23:02: Cierre de sesion - usuario: carlos
2023-09-30_23:02: Inicio de sesion - usuario: romina
2023-09-30_23:03: Cierre de sesion - usuario: romina
2023-09-30_23:03: Cierre de sesion - usuario: roberto
2023-09-30_23:04: Cierre de sesion - usuario: roberto
2023-09-30_23:04: Cierre de sesion - usuario: roberto
2023-09-30_23:05: Inicio de sesion - usuario: admin
2023-09-30_23:07: Cierre de sesion - usuario: admin
2023-09-30_23:07: Cierre de sesion - usuario: carlos
2023-09-30_23:07: Cierre de sesion - usuario: roberto
2023-09-30_23:07: Inicio de sesion - usuario: roberto
2023-09-30_23:07: Cierre de sesion - usuario: roberto
2023-09-30_23:08: Inicio de sesion - usuario: admin
2023-09-30_23:09: Cierre de sesion - usuario: admin
=============================
 =======Inicia Servidor=======
=============================
2023-10-02_11:02: Socket creado. Puerto de escucha: 5005
2023-10-02_11:03: Inicio de sesion - usuario: admin
2023-10-02_11:04: Cierre de sesion - usuario: admin
=============================
 =======Inicia Servidor=======
=============================
2023-10-20_09:10: Socket creado. Puerto de escucha: 5005
2023-10-20_09:10: Inicio de sesion - usuario: admin
2023-10-20_09:11: Cierre de sesion - usuario: admin
2023-10-20_09:17: Inicio de sesion - usuario: admin
2023-10-20_09:17: Cierre de sesion - usuario: admin
2023-10-20_09:19: Inicio de sesion - usuario: admin
2023-10-20_09:21: Cierre de sesion - usuario: admin
=============================
 =======Inicia Servidor=======
=============================
2023-10-20_10:11: Socket creado. Puerto de escucha: 5005
2023-10-20_10:12: Inicio de sesion - usuario: admin
=============================
 =======Inicia Servidor=======
=============================
2023-10-20_10:16: Socket creado. Puerto de escucha: 5005
2023-10-20_10:16: Inicio de sesion - usuario: admin
2023-10-20_10:21: Cierre de sesion - usuario: admin
=============================
 =======Inicia Servidor=======
=============================
2023-10-20_10:25: Socket creado. Puerto de escucha: 5005
2023-10-20_10:25: Inicio de sesion - usuario: admin
2023-10-20_10:25: Cierre de sesion - usuario: admin
2023-10-20_10:25: Inicio de sesion - usuario: admin
2023-10-20_10:26: Cierre de sesion - usuario: admin
=============================
 =======Inicia Servidor=======
=============================
2023-10-20_10:30: Socket creado. Puerto de escucha: 5005
2023-10-20_10:30: Inicio de sesion - usuario: admin
2023-10-20_10:31: Cierre de sesion - usuario: admin
=============================
 =======Inicia Servidor=======
=============================
2023-10-20_10:31: Socket creado. Puerto de escucha: 5005
2023-10-20_10:31: Inicio de sesion - usuario: admin
=============================
 =======Inicia Servidor=======
=============================
2023-10-20_10:35: Socket creado. Puerto de escucha: 5005
2023-10-20_10:35: Inicio de sesion - usuario: admin
=============================
 =======Inicia Servidor=======
=============================
2023-10-20_10:37: Socket creado. Puerto de escucha: 5005
2023-10-20_10:37: Inicio de sesion - usuario: admin
=============================
 =======Inicia Servidor=======
=============================
2023-10-20_10:38: Socket creado. Puerto de escucha: 5005
2023-10-20_10:38: Inicio de sesion - usuario: admin
=============================
 =======Inicia Servidor=======
=============================
2023-10-20_10:41: Socket creado. Puerto de escucha: 5005
2023-10-20_10:42: Inicio de sesion - usuario: admin
=============================
 =======Inicia Servidor=======
=============================
2023-10-20_10:45: Socket creado. Puerto de escucha: 5005
2023-10-20_10:45: Cierre de sesion - usuario: admin
2023-10-20_10:45: Inicio de sesion - usuario: admin
=============================
 =======Inicia Servidor=======
=============================
2023-10-20_10:46: Socket creado. Puerto de escucha: 5005
2023-10-20_10:47: Inicio de sesion - usuario: admin
=============================
 =======Inicia Servidor=======
=============================
2023-10-20_10:48: Socket creado. Puerto de escucha: 5005
2023-10-20_10:48: Inicio de sesion - usuario: admin
2023-10-20_10:48: Cierre de sesion - usuario: admin
=============================
 =======Inicia Servidor=======
=============================
2023-10-20_10:49: Socket creado. Puerto de escucha: 5005
2023-10-20_10:49: Inicio de sesion - usuario: admin
2023-10-20_10:49: Cierre de sesion - usuario: admin
=============================
 =======Inicia Servidor=======
=============================
2023-10-20_10:50: Socket creado. Puerto de escucha: 5005
2023-10-20_10:50: Inicio de sesion - usuario: admin
=============================
 =======Inicia Servidor=======
=============================
2023-10-20_10:52: Socket creado. Puerto de escucha: 5005
2023-10-20_10:52: Inicio de sesion - usuario: admin
2023-10-20_10:53: Cierre de sesion - usuario: admin
